{"contracts/ERC721.sol":{"l":{"28":3,"29":3,"39":2,"54":0,"55":0,"65":0,"69":0,"73":0,"77":0,"78":0,"80":0,"81":0,"83":0,"93":0,"94":0,"102":0,"104":0,"105":0,"115":0,"123":0,"124":0,"126":0,"134":0,"143":0,"144":0,"146":0,"157":0,"158":0,"159":0,"163":0,"172":0,"173":0,"174":0,"180":0,"182":0,"185":0,"186":0,"188":0,"196":0,"197":0,"199":0,"202":0,"203":0,"205":0,"209":0,"210":0,"219":0,"220":0,"228":0,"230":0,"231":0,"234":0,"240":0},"path":"/Users/dev/art/ERC721OneOfOne/contracts/ERC721.sol","s":{"1":3,"2":3,"3":2,"4":0,"5":0,"6":0,"7":0,"8":0,"9":0,"10":0,"11":0,"12":0,"13":0,"14":0,"15":0,"16":0,"17":0,"18":0,"19":0,"20":0,"21":0,"22":0,"23":0,"24":0,"25":0,"26":0,"27":0,"28":0,"29":0,"30":0,"31":0,"32":0,"33":0,"34":0,"35":0,"36":0,"37":0,"38":0,"39":0,"40":0,"41":0,"42":0,"43":0,"44":0,"45":0,"46":0,"47":0},"b":{"1":[0,0],"2":[0,0],"3":[0,0],"4":[0,0],"5":[0,0],"6":[0,0],"7":[0,0],"8":[0,0],"9":[0,0],"10":[0,0],"11":[0,0],"12":[0,0],"13":[0,0]},"f":{"1":3,"2":2,"3":0,"4":0,"5":0,"6":0,"7":0,"8":0,"9":0,"10":0,"11":0,"12":0,"13":0,"14":0,"15":0,"16":0,"17":0,"18":0,"19":0,"20":0,"21":0},"fnMap":{"1":{"name":"constructor","line":27,"loc":{"start":{"line":27,"column":4},"end":{"line":30,"column":4}}},"2":{"name":"supportsInterface","line":32,"loc":{"start":{"line":32,"column":4},"end":{"line":43,"column":4}}},"3":{"name":"balanceOf","line":47,"loc":{"start":{"line":47,"column":4},"end":{"line":56,"column":4}}},"4":{"name":"ownerOf","line":58,"loc":{"start":{"line":58,"column":4},"end":{"line":66,"column":4}}},"5":{"name":"name","line":68,"loc":{"start":{"line":68,"column":4},"end":{"line":70,"column":4}}},"6":{"name":"symbol","line":72,"loc":{"start":{"line":72,"column":4},"end":{"line":74,"column":4}}},"7":{"name":"approve","line":76,"loc":{"start":{"line":76,"column":4},"end":{"line":84,"column":4}}},"8":{"name":"getApproved","line":86,"loc":{"start":{"line":86,"column":4},"end":{"line":95,"column":4}}},"9":{"name":"setApprovalForAll","line":97,"loc":{"start":{"line":97,"column":4},"end":{"line":106,"column":4}}},"10":{"name":"isApprovedForAll","line":108,"loc":{"start":{"line":108,"column":4},"end":{"line":116,"column":4}}},"11":{"name":"transferFrom","line":118,"loc":{"start":{"line":118,"column":4},"end":{"line":127,"column":4}}},"12":{"name":"safeTransferFrom","line":129,"loc":{"start":{"line":129,"column":4},"end":{"line":135,"column":4}}},"13":{"name":"safeTransferFrom","line":137,"loc":{"start":{"line":137,"column":4},"end":{"line":147,"column":4}}},"14":{"name":"_safeTransfer","line":151,"loc":{"start":{"line":151,"column":4},"end":{"line":160,"column":4}}},"15":{"name":"_exists","line":162,"loc":{"start":{"line":162,"column":4},"end":{"line":164,"column":4}}},"16":{"name":"_isApprovedOrOwner","line":166,"loc":{"start":{"line":166,"column":4},"end":{"line":177,"column":4}}},"17":{"name":"_burn","line":179,"loc":{"start":{"line":179,"column":4},"end":{"line":189,"column":4}}},"18":{"name":"_transfer","line":191,"loc":{"start":{"line":191,"column":4},"end":{"line":206,"column":4}}},"19":{"name":"_approve","line":208,"loc":{"start":{"line":208,"column":4},"end":{"line":211,"column":4}}},"20":{"name":"_checkOnERC721Received","line":213,"loc":{"start":{"line":213,"column":4},"end":{"line":242,"column":4}}},"21":{"name":"_beforeTokenTransfer","line":245,"loc":{"start":{"line":245,"column":4},"end":{"line":249,"column":24}}}},"statementMap":{"1":{"start":{"line":28,"column":8},"end":{"line":28,"column":20}},"2":{"start":{"line":29,"column":8},"end":{"line":29,"column":24}},"3":{"start":{"line":39,"column":8},"end":{"line":39,"column":1375}},"4":{"start":{"line":54,"column":8},"end":{"line":54,"column":58}},"5":{"start":{"line":55,"column":8},"end":{"line":55,"column":38}},"6":{"start":{"line":65,"column":8},"end":{"line":65,"column":49}},"7":{"start":{"line":69,"column":8},"end":{"line":69,"column":20}},"8":{"start":{"line":73,"column":8},"end":{"line":73,"column":22}},"9":{"start":{"line":77,"column":8},"end":{"line":77,"column":47}},"10":{"start":{"line":78,"column":8},"end":{"line":78,"column":56}},"11":{"start":{"line":80,"column":8},"end":{"line":80,"column":2411}},"12":{"start":{"line":83,"column":8},"end":{"line":83,"column":28}},"13":{"start":{"line":93,"column":8},"end":{"line":93,"column":56}},"14":{"start":{"line":94,"column":8},"end":{"line":94,"column":39}},"15":{"start":{"line":102,"column":8},"end":{"line":102,"column":62}},"16":{"start":{"line":104,"column":8},"end":{"line":104,"column":60}},"17":{"start":{"line":105,"column":8},"end":{"line":105,"column":61}},"18":{"start":{"line":115,"column":8},"end":{"line":115,"column":50}},"19":{"start":{"line":123,"column":8},"end":{"line":123,"column":3462}},"20":{"start":{"line":126,"column":8},"end":{"line":126,"column":35}},"21":{"start":{"line":134,"column":8},"end":{"line":134,"column":46}},"22":{"start":{"line":143,"column":8},"end":{"line":143,"column":3947}},"23":{"start":{"line":146,"column":8},"end":{"line":146,"column":46}},"24":{"start":{"line":157,"column":8},"end":{"line":157,"column":35}},"25":{"start":{"line":158,"column":8},"end":{"line":158,"column":4339}},"26":{"start":{"line":163,"column":8},"end":{"line":163,"column":27}},"27":{"start":{"line":172,"column":8},"end":{"line":172,"column":56}},"28":{"start":{"line":173,"column":8},"end":{"line":173,"column":47}},"29":{"start":{"line":174,"column":8},"end":{"line":174,"column":4817}},"30":{"start":{"line":180,"column":8},"end":{"line":180,"column":47}},"31":{"start":{"line":182,"column":8},"end":{"line":182,"column":55}},"32":{"start":{"line":185,"column":8},"end":{"line":185,"column":36}},"33":{"start":{"line":186,"column":8},"end":{"line":186,"column":26}},"34":{"start":{"line":188,"column":8},"end":{"line":188,"column":49}},"35":{"start":{"line":196,"column":8},"end":{"line":196,"column":78}},"36":{"start":{"line":197,"column":8},"end":{"line":197,"column":50}},"37":{"start":{"line":199,"column":8},"end":{"line":199,"column":46}},"38":{"start":{"line":202,"column":8},"end":{"line":202,"column":36}},"39":{"start":{"line":203,"column":8},"end":{"line":203,"column":18}},"40":{"start":{"line":205,"column":8},"end":{"line":205,"column":40}},"41":{"start":{"line":209,"column":8},"end":{"line":209,"column":36}},"42":{"start":{"line":210,"column":8},"end":{"line":210,"column":59}},"43":{"start":{"line":219,"column":8},"end":{"line":219,"column":6033}},"44":{"start":{"line":220,"column":12},"end":{"line":220,"column":6072}},"45":{"start":{"line":228,"column":16},"end":{"line":228,"column":74}},"46":{"start":{"line":230,"column":16},"end":{"line":230,"column":6441}},"47":{"start":{"line":240,"column":12},"end":{"line":240,"column":23}}},"branchMap":{"1":{"line":54,"type":"if","locations":[{"start":{"line":54,"column":8},"end":{"line":54,"column":8}},{"start":{"line":54,"column":8},"end":{"line":54,"column":8}}]},"2":{"line":78,"type":"if","locations":[{"start":{"line":78,"column":8},"end":{"line":78,"column":8}},{"start":{"line":78,"column":8},"end":{"line":78,"column":8}}]},"3":{"line":80,"type":"if","locations":[{"start":{"line":80,"column":8},"end":{"line":80,"column":8}},{"start":{"line":80,"column":8},"end":{"line":80,"column":8}}]},"4":{"line":93,"type":"if","locations":[{"start":{"line":93,"column":8},"end":{"line":93,"column":8}},{"start":{"line":93,"column":8},"end":{"line":93,"column":8}}]},"5":{"line":102,"type":"if","locations":[{"start":{"line":102,"column":8},"end":{"line":102,"column":8}},{"start":{"line":102,"column":8},"end":{"line":102,"column":8}}]},"6":{"line":123,"type":"if","locations":[{"start":{"line":123,"column":8},"end":{"line":123,"column":8}},{"start":{"line":123,"column":8},"end":{"line":123,"column":8}}]},"7":{"line":143,"type":"if","locations":[{"start":{"line":143,"column":8},"end":{"line":143,"column":8}},{"start":{"line":143,"column":8},"end":{"line":143,"column":8}}]},"8":{"line":158,"type":"if","locations":[{"start":{"line":158,"column":8},"end":{"line":158,"column":8}},{"start":{"line":158,"column":8},"end":{"line":158,"column":8}}]},"9":{"line":172,"type":"if","locations":[{"start":{"line":172,"column":8},"end":{"line":172,"column":8}},{"start":{"line":172,"column":8},"end":{"line":172,"column":8}}]},"10":{"line":196,"type":"if","locations":[{"start":{"line":196,"column":8},"end":{"line":196,"column":8}},{"start":{"line":196,"column":8},"end":{"line":196,"column":8}}]},"11":{"line":197,"type":"if","locations":[{"start":{"line":197,"column":8},"end":{"line":197,"column":8}},{"start":{"line":197,"column":8},"end":{"line":197,"column":8}}]},"12":{"line":219,"type":"if","locations":[{"start":{"line":219,"column":8},"end":{"line":219,"column":8}},{"start":{"line":219,"column":8},"end":{"line":219,"column":8}}]},"13":{"line":230,"type":"if","locations":[{"start":{"line":230,"column":16},"end":{"line":230,"column":16}},{"start":{"line":230,"column":16},"end":{"line":230,"column":16}}]}}},"contracts/ERC721OneOfOne.sol":{"l":{"17":3,"28":0,"29":0,"34":0,"44":0,"45":0},"path":"/Users/dev/art/ERC721OneOfOne/contracts/ERC721OneOfOne.sol","s":{"1":3,"2":0,"3":0,"4":0,"5":0,"6":0},"b":{"1":[0,0],"2":[0,0]},"f":{"1":3,"2":0,"3":0,"4":0},"fnMap":{"1":{"name":"supportsInterface","line":10,"loc":{"start":{"line":10,"column":4},"end":{"line":20,"column":4}}},"2":{"name":"tokenOfOwnerByIndex","line":22,"loc":{"start":{"line":22,"column":4},"end":{"line":30,"column":4}}},"3":{"name":"totalSupply","line":33,"loc":{"start":{"line":33,"column":4},"end":{"line":35,"column":4}}},"4":{"name":"tokenByIndex","line":37,"loc":{"start":{"line":37,"column":4},"end":{"line":46,"column":4}}}},"statementMap":{"1":{"start":{"line":17,"column":8},"end":{"line":17,"column":533}},"2":{"start":{"line":28,"column":8},"end":{"line":28,"column":67}},"3":{"start":{"line":29,"column":8},"end":{"line":29,"column":20}},"4":{"start":{"line":34,"column":8},"end":{"line":34,"column":16}},"5":{"start":{"line":44,"column":8},"end":{"line":44,"column":73}},"6":{"start":{"line":45,"column":8},"end":{"line":45,"column":20}}},"branchMap":{"1":{"line":28,"type":"if","locations":[{"start":{"line":28,"column":8},"end":{"line":28,"column":8}},{"start":{"line":28,"column":8},"end":{"line":28,"column":8}}]},"2":{"line":44,"type":"if","locations":[{"start":{"line":44,"column":8},"end":{"line":44,"column":8}},{"start":{"line":44,"column":8},"end":{"line":44,"column":8}}]}}},"contracts/mocks/ERC721Mock.sol":{"l":{"9":3,"10":3,"11":3,"15":0,"16":0},"path":"/Users/dev/art/ERC721OneOfOne/contracts/mocks/ERC721Mock.sol","s":{"1":3,"2":3,"3":3,"4":0,"5":0},"b":{"1":[0,3],"2":[0,0]},"f":{"1":3,"2":0},"fnMap":{"1":{"name":"constructor","line":8,"loc":{"start":{"line":8,"column":4},"end":{"line":12,"column":4}}},"2":{"name":"tokenURI","line":14,"loc":{"start":{"line":14,"column":4},"end":{"line":24,"column":4}}}},"statementMap":{"1":{"start":{"line":9,"column":8},"end":{"line":9,"column":55}},"2":{"start":{"line":10,"column":8},"end":{"line":10,"column":18}},"3":{"start":{"line":11,"column":8},"end":{"line":11,"column":44}},"4":{"start":{"line":15,"column":8},"end":{"line":15,"column":51}},"5":{"start":{"line":16,"column":8},"end":{"line":16,"column":498}}},"branchMap":{"1":{"line":9,"type":"if","locations":[{"start":{"line":9,"column":8},"end":{"line":9,"column":8}},{"start":{"line":9,"column":8},"end":{"line":9,"column":8}}]},"2":{"line":15,"type":"if","locations":[{"start":{"line":15,"column":8},"end":{"line":15,"column":8}},{"start":{"line":15,"column":8},"end":{"line":15,"column":8}}]}}},"contracts/Strings.sol":{"l":{"13":0,"14":0,"16":0,"17":0,"18":0,"19":0,"20":0,"22":0,"23":0,"24":0,"25":0,"26":0,"28":0},"path":"/Users/dev/art/ERC721OneOfOne/contracts/Strings.sol","s":{"1":0,"2":0,"3":0,"4":0,"5":0,"6":0,"7":0,"8":0,"9":0,"10":0,"11":0,"12":0},"b":{"1":[0,0]},"f":{"1":0},"fnMap":{"1":{"name":"toString","line":9,"loc":{"start":{"line":9,"column":4},"end":{"line":29,"column":4}}}},"statementMap":{"1":{"start":{"line":13,"column":8},"end":{"line":13,"column":574}},"2":{"start":{"line":14,"column":12},"end":{"line":14,"column":22}},"3":{"start":{"line":16,"column":8},"end":{"line":16,"column":28}},"4":{"start":{"line":17,"column":8},"end":{"line":17,"column":22}},"5":{"start":{"line":18,"column":8},"end":{"line":18,"column":688}},"6":{"start":{"line":20,"column":12},"end":{"line":20,"column":21}},"7":{"start":{"line":22,"column":8},"end":{"line":22,"column":47}},"8":{"start":{"line":23,"column":8},"end":{"line":23,"column":821}},"9":{"start":{"line":24,"column":12},"end":{"line":24,"column":22}},"10":{"start":{"line":25,"column":12},"end":{"line":25,"column":67}},"11":{"start":{"line":26,"column":12},"end":{"line":26,"column":22}},"12":{"start":{"line":28,"column":8},"end":{"line":28,"column":29}}},"branchMap":{"1":{"line":13,"type":"if","locations":[{"start":{"line":13,"column":8},"end":{"line":13,"column":8}},{"start":{"line":13,"column":8},"end":{"line":13,"column":8}}]}}}}