{"contracts/ERC721Slim.sol":{"l":{"25":1,"26":1,"27":1,"28":1,"32":1,"36":1},"path":"/Users/dev/art/omg/contracts/ERC721Slim.sol","s":{"1":1,"2":1,"3":1,"4":1,"5":1,"6":1},"b":{"1":[1,0],"2":[1,0]},"f":{"1":3,"2":1,"3":1,"4":1},"fnMap":{"1":{"name":"constructor","line":21,"loc":{"start":{"line":19,"column":4},"end":{"line":22,"column":5}}},"2":{"name":"mint","line":24,"loc":{"start":{"line":24,"column":4},"end":{"line":29,"column":4}}},"3":{"name":"totalSupply","line":31,"loc":{"start":{"line":31,"column":4},"end":{"line":33,"column":4}}},"4":{"name":"tokenURI","line":35,"loc":{"start":{"line":35,"column":4},"end":{"line":44,"column":4}}}},"statementMap":{"1":{"start":{"line":25,"column":8},"end":{"line":25,"column":56}},"2":{"start":{"line":26,"column":8},"end":{"line":26,"column":60}},"3":{"start":{"line":27,"column":8},"end":{"line":27,"column":48}},"4":{"start":{"line":28,"column":8},"end":{"line":28,"column":74}},"5":{"start":{"line":32,"column":8},"end":{"line":32,"column":29}},"6":{"start":{"line":36,"column":8},"end":{"line":36,"column":1068}}},"branchMap":{"1":{"line":25,"type":"if","locations":[{"start":{"line":25,"column":8},"end":{"line":25,"column":8}},{"start":{"line":25,"column":8},"end":{"line":25,"column":8}}]},"2":{"line":26,"type":"if","locations":[{"start":{"line":26,"column":8},"end":{"line":26,"column":8}},{"start":{"line":26,"column":8},"end":{"line":26,"column":8}}]}}},"contracts/lib/ERC721.sol":{"l":{"19":3,"20":3,"30":0,"43":0,"47":0,"48":0,"49":0,"50":0,"51":0,"54":0,"55":0,"65":0,"66":0,"70":0,"74":0,"78":0,"82":0,"83":0,"85":0,"90":0,"100":0,"105":0,"113":0,"115":0,"116":0,"126":0,"134":0,"139":0,"147":0,"156":0,"160":0,"169":0,"170":0,"177":1,"186":0,"190":0,"191":0,"197":1,"205":1,"206":1,"213":1,"214":1,"216":1,"217":1,"219":1,"223":0,"225":0,"228":0,"229":0,"231":0,"239":0,"243":0,"245":0,"248":0,"249":0,"251":0,"255":0,"256":0,"265":1,"266":0,"274":0,"276":0,"277":0,"281":0,"287":1},"path":"/Users/dev/art/omg/contracts/lib/ERC721.sol","s":{"1":3,"2":3,"3":0,"4":0,"5":0,"6":0,"7":0,"8":0,"9":0,"10":0,"11":0,"12":0,"13":0,"14":0,"15":0,"16":0,"17":0,"18":0,"19":0,"20":0,"21":0,"22":0,"23":0,"24":0,"25":0,"26":0,"27":0,"28":0,"29":0,"30":0,"31":0,"32":1,"33":0,"34":0,"35":0,"36":1,"37":1,"38":1,"39":1,"40":1,"41":1,"42":1,"43":1,"44":0,"45":0,"46":0,"47":0,"48":0,"49":0,"50":0,"51":0,"52":0,"53":0,"54":0,"55":0,"56":0,"57":1,"58":0,"59":0,"60":0,"61":0,"62":1},"b":{"1":[0,0],"2":[0,0],"3":[0,0],"4":[0,0],"5":[0,0],"6":[0,0],"7":[0,0],"8":[0,0],"9":[0,0],"10":[0,0],"11":[0,0],"12":[1,0],"13":[1,0],"14":[1,0],"15":[0,0],"16":[0,0],"17":[0,1],"18":[0,0]},"f":{"1":3,"2":0,"3":0,"4":0,"5":0,"6":0,"7":0,"8":0,"9":0,"10":0,"11":0,"12":0,"13":0,"14":0,"15":1,"16":0,"17":1,"18":1,"19":1,"20":0,"21":0,"22":0,"23":1,"24":1},"fnMap":{"1":{"name":"constructor","line":18,"loc":{"start":{"line":18,"column":4},"end":{"line":21,"column":4}}},"2":{"name":"supportsInterface","line":23,"loc":{"start":{"line":23,"column":4},"end":{"line":34,"column":4}}},"3":{"name":"balanceOf","line":36,"loc":{"start":{"line":36,"column":4},"end":{"line":56,"column":4}}},"4":{"name":"ownerOf","line":58,"loc":{"start":{"line":58,"column":4},"end":{"line":71,"column":4}}},"5":{"name":"name","line":73,"loc":{"start":{"line":73,"column":4},"end":{"line":75,"column":4}}},"6":{"name":"symbol","line":77,"loc":{"start":{"line":77,"column":4},"end":{"line":79,"column":4}}},"7":{"name":"approve","line":81,"loc":{"start":{"line":81,"column":4},"end":{"line":91,"column":4}}},"8":{"name":"getApproved","line":93,"loc":{"start":{"line":93,"column":4},"end":{"line":106,"column":4}}},"9":{"name":"setApprovalForAll","line":108,"loc":{"start":{"line":108,"column":4},"end":{"line":117,"column":4}}},"10":{"name":"isApprovedForAll","line":119,"loc":{"start":{"line":119,"column":4},"end":{"line":127,"column":4}}},"11":{"name":"transferFrom","line":129,"loc":{"start":{"line":129,"column":4},"end":{"line":140,"column":4}}},"12":{"name":"safeTransferFrom","line":142,"loc":{"start":{"line":142,"column":4},"end":{"line":148,"column":4}}},"13":{"name":"safeTransferFrom","line":150,"loc":{"start":{"line":150,"column":4},"end":{"line":161,"column":4}}},"14":{"name":"_safeTransfer","line":163,"loc":{"start":{"line":163,"column":4},"end":{"line":174,"column":4}}},"15":{"name":"_exists","line":176,"loc":{"start":{"line":176,"column":4},"end":{"line":178,"column":4}}},"16":{"name":"_isApprovedOrOwner","line":180,"loc":{"start":{"line":180,"column":4},"end":{"line":194,"column":4}}},"17":{"name":"_safeMint","line":196,"loc":{"start":{"line":196,"column":4},"end":{"line":198,"column":4}}},"18":{"name":"_safeMint","line":200,"loc":{"start":{"line":200,"column":4},"end":{"line":210,"column":4}}},"19":{"name":"_mint","line":212,"loc":{"start":{"line":212,"column":4},"end":{"line":220,"column":4}}},"20":{"name":"_burn","line":222,"loc":{"start":{"line":222,"column":4},"end":{"line":232,"column":4}}},"21":{"name":"_transfer","line":234,"loc":{"start":{"line":234,"column":4},"end":{"line":252,"column":4}}},"22":{"name":"_approve","line":254,"loc":{"start":{"line":254,"column":4},"end":{"line":257,"column":4}}},"23":{"name":"_checkOnERC721Received","line":259,"loc":{"start":{"line":259,"column":4},"end":{"line":289,"column":4}}},"24":{"name":"_beforeTokenTransfer","line":291,"loc":{"start":{"line":291,"column":4},"end":{"line":295,"column":24}}}},"statementMap":{"1":{"start":{"line":19,"column":8},"end":{"line":19,"column":20}},"2":{"start":{"line":20,"column":8},"end":{"line":20,"column":24}},"3":{"start":{"line":30,"column":8},"end":{"line":30,"column":1093}},"4":{"start":{"line":43,"column":8},"end":{"line":43,"column":1376}},"5":{"start":{"line":47,"column":8},"end":{"line":47,"column":25}},"6":{"start":{"line":48,"column":8},"end":{"line":48,"column":39}},"7":{"start":{"line":49,"column":8},"end":{"line":49,"column":1562}},"8":{"start":{"line":50,"column":12},"end":{"line":50,"column":1617}},"9":{"start":{"line":55,"column":8},"end":{"line":55,"column":20}},"10":{"start":{"line":65,"column":8},"end":{"line":65,"column":40}},"11":{"start":{"line":66,"column":8},"end":{"line":66,"column":1922}},"12":{"start":{"line":70,"column":8},"end":{"line":70,"column":20}},"13":{"start":{"line":74,"column":8},"end":{"line":74,"column":20}},"14":{"start":{"line":78,"column":8},"end":{"line":78,"column":22}},"15":{"start":{"line":82,"column":8},"end":{"line":82,"column":47}},"16":{"start":{"line":83,"column":8},"end":{"line":83,"column":64}},"17":{"start":{"line":85,"column":8},"end":{"line":85,"column":2473}},"18":{"start":{"line":90,"column":8},"end":{"line":90,"column":28}},"19":{"start":{"line":100,"column":8},"end":{"line":100,"column":2822}},"20":{"start":{"line":105,"column":8},"end":{"line":105,"column":39}},"21":{"start":{"line":113,"column":8},"end":{"line":113,"column":69}},"22":{"start":{"line":115,"column":8},"end":{"line":115,"column":60}},"23":{"start":{"line":116,"column":8},"end":{"line":116,"column":61}},"24":{"start":{"line":126,"column":8},"end":{"line":126,"column":50}},"25":{"start":{"line":134,"column":8},"end":{"line":134,"column":3649}},"26":{"start":{"line":139,"column":8},"end":{"line":139,"column":35}},"27":{"start":{"line":147,"column":8},"end":{"line":147,"column":46}},"28":{"start":{"line":156,"column":8},"end":{"line":156,"column":4184}},"29":{"start":{"line":160,"column":8},"end":{"line":160,"column":46}},"30":{"start":{"line":169,"column":8},"end":{"line":169,"column":35}},"31":{"start":{"line":170,"column":8},"end":{"line":170,"column":4572}},"32":{"start":{"line":177,"column":8},"end":{"line":177,"column":73}},"33":{"start":{"line":186,"column":8},"end":{"line":186,"column":5034}},"34":{"start":{"line":190,"column":8},"end":{"line":190,"column":47}},"35":{"start":{"line":191,"column":8},"end":{"line":191,"column":5237}},"36":{"start":{"line":197,"column":8},"end":{"line":197,"column":33}},"37":{"start":{"line":205,"column":8},"end":{"line":205,"column":25}},"38":{"start":{"line":206,"column":8},"end":{"line":206,"column":5600}},"39":{"start":{"line":213,"column":8},"end":{"line":213,"column":68}},"40":{"start":{"line":214,"column":8},"end":{"line":214,"column":65}},"41":{"start":{"line":216,"column":8},"end":{"line":216,"column":52}},"42":{"start":{"line":217,"column":8},"end":{"line":217,"column":23}},"43":{"start":{"line":219,"column":8},"end":{"line":219,"column":46}},"44":{"start":{"line":223,"column":8},"end":{"line":223,"column":47}},"45":{"start":{"line":225,"column":8},"end":{"line":225,"column":55}},"46":{"start":{"line":228,"column":8},"end":{"line":228,"column":36}},"47":{"start":{"line":229,"column":8},"end":{"line":229,"column":36}},"48":{"start":{"line":231,"column":8},"end":{"line":231,"column":49}},"49":{"start":{"line":239,"column":8},"end":{"line":239,"column":6555}},"50":{"start":{"line":243,"column":8},"end":{"line":243,"column":72}},"51":{"start":{"line":245,"column":8},"end":{"line":245,"column":46}},"52":{"start":{"line":248,"column":8},"end":{"line":248,"column":36}},"53":{"start":{"line":249,"column":8},"end":{"line":249,"column":28}},"54":{"start":{"line":251,"column":8},"end":{"line":251,"column":40}},"55":{"start":{"line":255,"column":8},"end":{"line":255,"column":36}},"56":{"start":{"line":256,"column":8},"end":{"line":256,"column":59}},"57":{"start":{"line":265,"column":8},"end":{"line":265,"column":7320}},"58":{"start":{"line":266,"column":12},"end":{"line":266,"column":7359}},"59":{"start":{"line":274,"column":16},"end":{"line":274,"column":74}},"60":{"start":{"line":276,"column":16},"end":{"line":276,"column":7728}},"61":{"start":{"line":277,"column":20},"end":{"line":277,"column":7778}},"62":{"start":{"line":287,"column":12},"end":{"line":287,"column":23}}},"branchMap":{"1":{"line":43,"type":"if","locations":[{"start":{"line":43,"column":8},"end":{"line":43,"column":8}},{"start":{"line":43,"column":8},"end":{"line":43,"column":8}}]},"2":{"line":50,"type":"if","locations":[{"start":{"line":50,"column":12},"end":{"line":50,"column":12}},{"start":{"line":50,"column":12},"end":{"line":50,"column":12}}]},"3":{"line":66,"type":"if","locations":[{"start":{"line":66,"column":8},"end":{"line":66,"column":8}},{"start":{"line":66,"column":8},"end":{"line":66,"column":8}}]},"4":{"line":83,"type":"if","locations":[{"start":{"line":83,"column":8},"end":{"line":83,"column":8}},{"start":{"line":83,"column":8},"end":{"line":83,"column":8}}]},"5":{"line":85,"type":"if","locations":[{"start":{"line":85,"column":8},"end":{"line":85,"column":8}},{"start":{"line":85,"column":8},"end":{"line":85,"column":8}}]},"6":{"line":100,"type":"if","locations":[{"start":{"line":100,"column":8},"end":{"line":100,"column":8}},{"start":{"line":100,"column":8},"end":{"line":100,"column":8}}]},"7":{"line":113,"type":"if","locations":[{"start":{"line":113,"column":8},"end":{"line":113,"column":8}},{"start":{"line":113,"column":8},"end":{"line":113,"column":8}}]},"8":{"line":134,"type":"if","locations":[{"start":{"line":134,"column":8},"end":{"line":134,"column":8}},{"start":{"line":134,"column":8},"end":{"line":134,"column":8}}]},"9":{"line":156,"type":"if","locations":[{"start":{"line":156,"column":8},"end":{"line":156,"column":8}},{"start":{"line":156,"column":8},"end":{"line":156,"column":8}}]},"10":{"line":170,"type":"if","locations":[{"start":{"line":170,"column":8},"end":{"line":170,"column":8}},{"start":{"line":170,"column":8},"end":{"line":170,"column":8}}]},"11":{"line":186,"type":"if","locations":[{"start":{"line":186,"column":8},"end":{"line":186,"column":8}},{"start":{"line":186,"column":8},"end":{"line":186,"column":8}}]},"12":{"line":206,"type":"if","locations":[{"start":{"line":206,"column":8},"end":{"line":206,"column":8}},{"start":{"line":206,"column":8},"end":{"line":206,"column":8}}]},"13":{"line":213,"type":"if","locations":[{"start":{"line":213,"column":8},"end":{"line":213,"column":8}},{"start":{"line":213,"column":8},"end":{"line":213,"column":8}}]},"14":{"line":214,"type":"if","locations":[{"start":{"line":214,"column":8},"end":{"line":214,"column":8}},{"start":{"line":214,"column":8},"end":{"line":214,"column":8}}]},"15":{"line":239,"type":"if","locations":[{"start":{"line":239,"column":8},"end":{"line":239,"column":8}},{"start":{"line":239,"column":8},"end":{"line":239,"column":8}}]},"16":{"line":243,"type":"if","locations":[{"start":{"line":243,"column":8},"end":{"line":243,"column":8}},{"start":{"line":243,"column":8},"end":{"line":243,"column":8}}]},"17":{"line":265,"type":"if","locations":[{"start":{"line":265,"column":8},"end":{"line":265,"column":8}},{"start":{"line":265,"column":8},"end":{"line":265,"column":8}}]},"18":{"line":276,"type":"if","locations":[{"start":{"line":276,"column":16},"end":{"line":276,"column":16}},{"start":{"line":276,"column":16},"end":{"line":276,"column":16}}]}}},"contracts/lib/ERC721Enum.sol":{"l":{"14":0,"25":0,"26":0,"27":0,"28":0,"29":0,"33":0,"41":0,"42":0,"43":0,"44":0,"45":0,"47":0,"51":0,"61":0,"62":0},"path":"/Users/dev/art/omg/contracts/lib/ERC721Enum.sol","s":{"1":0,"2":0,"3":0,"4":0,"5":0,"6":0,"7":0,"8":0,"9":0,"10":0,"11":0,"12":0,"13":0,"14":0,"15":0,"16":0,"17":0},"b":{"1":[0,0],"2":[0,0],"3":[0,0],"4":[0,0],"5":[0,0],"6":[0,0]},"f":{"1":0,"2":0,"3":0,"4":0,"5":0},"fnMap":{"1":{"name":"supportsInterface","line":7,"loc":{"start":{"line":7,"column":4},"end":{"line":17,"column":4}}},"2":{"name":"tokenOfOwnerByIndex","line":19,"loc":{"start":{"line":19,"column":4},"end":{"line":34,"column":4}}},"3":{"name":"tokensOfOwner","line":36,"loc":{"start":{"line":36,"column":4},"end":{"line":48,"column":4}}},"4":{"name":"totalSupply","line":50,"loc":{"start":{"line":50,"column":4},"end":{"line":52,"column":4}}},"5":{"name":"tokenByIndex","line":54,"loc":{"start":{"line":54,"column":4},"end":{"line":63,"column":4}}}},"statementMap":{"1":{"start":{"line":14,"column":8},"end":{"line":14,"column":440}},"2":{"start":{"line":25,"column":8},"end":{"line":25,"column":73}},"3":{"start":{"line":26,"column":8},"end":{"line":26,"column":21}},"4":{"start":{"line":27,"column":8},"end":{"line":27,"column":785}},"5":{"start":{"line":28,"column":12},"end":{"line":28,"column":844}},"6":{"start":{"line":29,"column":16},"end":{"line":29,"column":903}},"7":{"start":{"line":29,"column":36},"end":{"line":29,"column":44}},"8":{"start":{"line":33,"column":8},"end":{"line":33,"column":47}},"9":{"start":{"line":41,"column":8},"end":{"line":41,"column":69}},"10":{"start":{"line":42,"column":8},"end":{"line":42,"column":45}},"11":{"start":{"line":43,"column":8},"end":{"line":43,"column":61}},"12":{"start":{"line":44,"column":8},"end":{"line":44,"column":1325}},"13":{"start":{"line":45,"column":12},"end":{"line":45,"column":54}},"14":{"start":{"line":47,"column":8},"end":{"line":47,"column":23}},"15":{"start":{"line":51,"column":8},"end":{"line":51,"column":29}},"16":{"start":{"line":61,"column":8},"end":{"line":61,"column":75}},"17":{"start":{"line":62,"column":8},"end":{"line":62,"column":20}}},"branchMap":{"1":{"line":25,"type":"if","locations":[{"start":{"line":25,"column":8},"end":{"line":25,"column":8}},{"start":{"line":25,"column":8},"end":{"line":25,"column":8}}]},"2":{"line":28,"type":"if","locations":[{"start":{"line":28,"column":12},"end":{"line":28,"column":12}},{"start":{"line":28,"column":12},"end":{"line":28,"column":12}}]},"3":{"line":29,"type":"if","locations":[{"start":{"line":29,"column":16},"end":{"line":29,"column":16}},{"start":{"line":29,"column":16},"end":{"line":29,"column":16}}]},"4":{"line":33,"type":"if","locations":[{"start":{"line":33,"column":8},"end":{"line":33,"column":8}},{"start":{"line":33,"column":8},"end":{"line":33,"column":8}}]},"5":{"line":41,"type":"if","locations":[{"start":{"line":41,"column":8},"end":{"line":41,"column":8}},{"start":{"line":41,"column":8},"end":{"line":41,"column":8}}]},"6":{"line":61,"type":"if","locations":[{"start":{"line":61,"column":8},"end":{"line":61,"column":8}},{"start":{"line":61,"column":8},"end":{"line":61,"column":8}}]}}}}